{"uid":"7d06c68b4a9bfba9","name":"TESTCASE3","time":{"duration":21666},"status":"failed","statusMessage":"FAILED","statusTrace":"FAILED: Action, Check velocity, UTILITY","flaky":false,"newFailed":false,"newBroken":false,"newPassed":false,"retriesCount":0,"retriesStatusChange":false,"beforeStages":[],"testStage":{"steps":[],"attachments":[],"parameters":[],"stepsCount":0,"shouldDisplayMessage":false,"attachmentsCount":0,"hasContent":false,"attachmentStep":false},"afterStages":[],"labels":[{"name":"resultFormat","value":"junit"},{"name":"suite","value":"TESTNAME"}],"parameters":[],"links":[],"hidden":false,"retry":false,"extra":{"severity":"normal","categories":[{"name":"Product defects","matchedStatuses":[],"flaky":false}],"tags":[]},"source":"7d06c68b4a9bfba9.json","parameterValues":[]}